Warnings, critical warnings and errors from synthesis and implementation

Created: 2024-08-30 03:20:58

----SYNTHESIS----
WARNING: [Synth 8-689] width (32) of port connection 'adc_ch1_data' does not match port width (12) of module 'pmod_adc_ad7991' [C:/Users/Kacper/Desktop/UEC/Projekt/Simple-speech-recognisition/rtl/top_ssr.sv:39]
WARNING: [Synth 8-2900] ignoring illegal expression in output port connection [C:/Users/Kacper/Desktop/UEC/Projekt/Simple-speech-recognisition/rtl/top_ssr.sv:39]
WARNING: [Synth 8-689] width (32) of port connection 'adc_ch2_data' does not match port width (12) of module 'pmod_adc_ad7991' [C:/Users/Kacper/Desktop/UEC/Projekt/Simple-speech-recognisition/rtl/top_ssr.sv:40]
WARNING: [Synth 8-2900] ignoring illegal expression in output port connection [C:/Users/Kacper/Desktop/UEC/Projekt/Simple-speech-recognisition/rtl/top_ssr.sv:40]
WARNING: [Synth 8-689] width (32) of port connection 'adc_ch3_data' does not match port width (12) of module 'pmod_adc_ad7991' [C:/Users/Kacper/Desktop/UEC/Projekt/Simple-speech-recognisition/rtl/top_ssr.sv:41]
WARNING: [Synth 8-2900] ignoring illegal expression in output port connection [C:/Users/Kacper/Desktop/UEC/Projekt/Simple-speech-recognisition/rtl/top_ssr.sv:41]
WARNING: [Synth 8-7071] port 'i2c_ack_err' of module 'pmod_adc_ad7991' is unconnected for instance 'u_pmod_adc_ad7991' [C:/Users/Kacper/Desktop/UEC/Projekt/Simple-speech-recognisition/rtl/top_ssr.sv:33]
WARNING: [Synth 8-7023] instance 'u_pmod_adc_ad7991' of module 'pmod_adc_ad7991' has 9 connections declared, but only 8 given [C:/Users/Kacper/Desktop/UEC/Projekt/Simple-speech-recognisition/rtl/top_ssr.sv:33]
WARNING: [Synth 8-3848] Net i2c_data_wr in module/entity pmod_adc_ad7991 does not have driver. [C:/Users/Kacper/Desktop/UEC/Projekt/Simple-speech-recognisition/rtl/adc/pmod_adc_ad7991.vhd:48]
WARNING: [Synth 8-6014] Unused sequential element mu_do_re_reg was removed.  [C:/Users/Kacper/Desktop/UEC/Projekt/Simple-speech-recognisition/rtl/audio_processing_opt/fft/SdfUnit.v:260]
WARNING: [Synth 8-6014] Unused sequential element mu_do_im_reg was removed.  [C:/Users/Kacper/Desktop/UEC/Projekt/Simple-speech-recognisition/rtl/audio_processing_opt/fft/SdfUnit.v:261]
WARNING: [Synth 8-6014] Unused sequential element mu_do_en_reg was removed.  [C:/Users/Kacper/Desktop/UEC/Projekt/Simple-speech-recognisition/rtl/audio_processing_opt/fft/SdfUnit.v:266]
WARNING: [Synth 8-6014] Unused sequential element mu_en_reg was removed.  [C:/Users/Kacper/Desktop/UEC/Projekt/Simple-speech-recognisition/rtl/audio_processing_opt/fft/SdfUnit.v:244]
WARNING: [Synth 8-7080] Parallel synthesis criteria is not met
WARNING: [Synth 8-3323] Resources of type DSP have been overutilized. Used = 258, Available = 90. Use report_utilization command for details.

----IMPLEMENTATION----
ERROR: [DRC UTLZ-1] Resource utilization: LUT as Logic over-utilized in Top Level Design (This design requires more LUT as Logic cells than are available in the target device. This design requires 31685 of such cell types but only 20800 compatible sites are available in the target device. Please analyze your synthesis results and constraints to ensure the design is mapped to Xilinx primitives as expected. If so, please consider targeting a larger device. Please set tcl parameter "drc.disableLUTOverUtilError" to 1 to change this error to warning.)
ERROR: [DRC UTLZ-1] Resource utilization: Slice LUTs over-utilized in Top Level Design (This design requires more Slice LUTs cells than are available in the target device. This design requires 31858 of such cell types but only 20800 compatible sites are available in the target device. Please analyze your synthesis results and constraints to ensure the design is mapped to Xilinx primitives as expected. If so, please consider targeting a larger device. Please set tcl parameter "drc.disableLUTOverUtilError" to 1 to change this error to warning.)
ERROR: [Vivado_Tcl 4-23] Error(s) found during DRC. Placer not run.
ERROR: [Common 17-39] 'place_design' failed due to earlier errors.
